<?xml version="1.0" encoding="UTF-8"?>
<Site BuildName="(empty)"
	BuildStamp="20250709-1921-Experimental"
	Name="b166b339ad79"
	Generator="ctest-3.10.2"
	CompilerName="/usr/bin/c++"
	CompilerVersion="7.5.0"
	OSName="Linux"
	Hostname="b166b339ad79"
	OSRelease="5.10.16.3-microsoft-standard-WSL2"
	OSVersion="#1 SMP Fri Apr 2 22:23:49 UTC 2021"
	OSPlatform="x86_64"
	Is64Bits="1"
	VendorString="GenuineIntel"
	VendorID="Intel Corporation"
	FamilyID="6"
	ModelID="165"
	ProcessorCacheSize="16384"
	NumberOfLogicalCPU="16"
	NumberOfPhysicalCPU="8"
	TotalVirtualMemory="5120"
	TotalPhysicalMemory="19948"
	LogicalProcessorsPerPhysical="2"
	ProcessorClockFrequency="2904.01"
	>
	<Testing>
		<StartDateTime>Jul 09 19:21 UTC</StartDateTime>
		<StartTestTime>1752088899</StartTestTime>
		<TestList/>
		<EndDateTime>Jul 09 19:21 UTC</EndDateTime>
		<EndTestTime>1752088899</EndTestTime>
		<ElapsedMinutes>0</ElapsedMinutes>
	</Testing>
</Site>
