<?xml version="1.0" encoding="UTF-8"?>
<Site BuildName="(empty)"
	BuildStamp="20251108-1759-Experimental"
	Name="b166b339ad79"
	Generator="ctest-3.10.2"
	CompilerName="/usr/bin/c++"
	CompilerVersion="7.5.0"
	OSName="Linux"
	Hostname="b166b339ad79"
	OSRelease="5.10.16.3-microsoft-standard-WSL2"
	OSVersion="#1 SMP Fri Apr 2 22:23:49 UTC 2021"
	OSPlatform="x86_64"
	Is64Bits="1"
	VendorString="GenuineIntel"
	VendorID="Intel Corporation"
	FamilyID="6"
	ModelID="165"
	ProcessorCacheSize="16384"
	NumberOfLogicalCPU="16"
	NumberOfPhysicalCPU="8"
	TotalVirtualMemory="5120"
	TotalPhysicalMemory="19948"
	LogicalProcessorsPerPhysical="2"
	ProcessorClockFrequency="2904.01"
	>
	<Testing>
		<StartDateTime>Nov 08 19:44 UTC</StartDateTime>
		<StartTestTime>1762631075</StartTestTime>
		<TestList/>
		<EndDateTime>Nov 08 19:44 UTC</EndDateTime>
		<EndTestTime>1762631075</EndTestTime>
		<ElapsedMinutes>0</ElapsedMinutes>
	</Testing>
</Site>
